GROUP,PACKAGE,CLASS,INSTRUCTION_MISSED,INSTRUCTION_COVERED,BRANCH_MISSED,BRANCH_COVERED,LINE_MISSED,LINE_COVERED,COMPLEXITY_MISSED,COMPLEXITY_COVERED,METHOD_MISSED,METHOD_COVERED
KwetterBackend_Maxime,dao,TweetDAOCollection,12,59,8,8,6,20,8,7,0,7
KwetterBackend_Maxime,dao,UserDAOCollection,22,119,14,16,11,36,14,14,0,13
KwetterBackend_Maxime,boundary.rest,UserResource,17,72,0,0,5,15,1,13,1,13
KwetterBackend_Maxime,boundary.rest,TweetResource,10,29,0,0,2,7,2,5,2,5
KwetterBackend_Maxime,service,UserService,0,72,0,0,0,15,0,13,0,13
KwetterBackend_Maxime,service,TweetService,10,29,0,0,2,7,2,5,2,5
KwetterBackend_Maxime,domain,UserRole,0,39,0,0,0,4,0,2,0,2
KwetterBackend_Maxime,domain,Tweet,2,155,1,1,1,38,1,16,0,16
KwetterBackend_Maxime,domain,User,0,257,0,0,0,70,0,29,0,29
